<?xml version="1.0" encoding="UTF-8"?>
<!-- Generated by org.testng.reporters.JUnitReportReporter -->
<testsuite hostname="Subodhs-MacBook-Air.local" failures="0" tests="1" name="Testng.NewTest" time="8.172" errors="0" timestamp="2022-03-07T19:25:48 GMT-05:00" skipped="0">
  <testcase classname="Testng.NewTest" name="f" time="8.172"/>
  <system-out/>
</testsuite> <!-- Testng.NewTest -->
